<?xml version="1.0" encoding="UTF-8"?>
<!-- Generated by org.testng.reporters.JUnitXMLReporter -->
<testsuite hostname="THAVE02-E7450" name="Default test" tests="3" failures="0" timestamp="26 Dec 2015 15:39:23 GMT" time="0.022" errors="0">
  <testcase name="@BeforeSuite setup" time="0.0" classname="com.automation.testcases.PageObjectDemo">
    <failure type="java.lang.IllegalStateException" message="The driver executable does not exist: C:\work\Automation\UIAutomation\lib\chromedriver.exe">
      <![CDATA[java.lang.IllegalStateException: The driver executable does not exist: C:\work\Automation\UIAutomation\lib\chromedriver.exe
	at com.google.common.base.Preconditions.checkState(Preconditions.java:197)
	at org.openqa.selenium.remote.service.DriverService.checkExecutable(DriverService.java:121)
	at org.openqa.selenium.remote.service.DriverService.findExecutable(DriverService.java:116)
	at org.openqa.selenium.chrome.ChromeDriverService.access$000(ChromeDriverService.java:32)
	at org.openqa.selenium.chrome.ChromeDriverService$Builder.findDefaultExecutable(ChromeDriverService.java:137)
	at org.openqa.selenium.remote.service.DriverService$Builder.build(DriverService.java:290)
	at org.openqa.selenium.chrome.ChromeDriverService.createDefaultService(ChromeDriverService.java:88)
	at org.openqa.selenium.chrome.ChromeDriver.<init>(ChromeDriver.java:148)
	at com.automation.framework.DriverFactory.getWebDriver(DriverFactory.java:43)
	at com.automation.framework.BaseTest.setup(BaseTest.java:30)
	at sun.reflect.NativeMethodAccessorImpl.invoke0(Native Method)
	at sun.reflect.NativeMethodAccessorImpl.invoke(NativeMethodAccessorImpl.java:62)
	at sun.reflect.DelegatingMethodAccessorImpl.invoke(DelegatingMethodAccessorImpl.java:43)
	at java.lang.reflect.Method.invoke(Method.java:497)
	at org.testng.internal.MethodInvocationHelper.invokeMethod(MethodInvocationHelper.java:84)
	at org.testng.internal.Invoker.invokeConfigurationMethod(Invoker.java:564)
	at org.testng.internal.Invoker.invokeConfigurations(Invoker.java:213)
	at org.testng.internal.Invoker.invokeConfigurations(Invoker.java:138)
	at org.testng.SuiteRunner.privateRun(SuiteRunner.java:277)
	at org.testng.SuiteRunner.run(SuiteRunner.java:240)
	at org.testng.SuiteRunnerWorker.runSuite(SuiteRunnerWorker.java:52)
	at org.testng.SuiteRunnerWorker.run(SuiteRunnerWorker.java:86)
	at org.testng.TestNG.runSuitesSequentially(TestNG.java:1224)
	at org.testng.TestNG.runSuitesLocally(TestNG.java:1149)
	at org.testng.TestNG.run(TestNG.java:1057)
	at org.testng.remote.RemoteTestNG.run(RemoteTestNG.java:111)
	at org.testng.remote.RemoteTestNG.initAndRun(RemoteTestNG.java:204)
	at org.testng.remote.RemoteTestNG.main(RemoteTestNG.java:175)
]]>
    </failure>
  </testcase> <!-- @BeforeSuite setup -->
  <testcase name="@BeforeTest init" time="0.0" classname="com.automation.testcases.PageObjectDemo">
    <skipped/>
  </testcase> <!-- @BeforeTest init -->
  <testcase name="loginAndSendMail" time="0.0" classname="com.automation.testcases.PageObjectDemo">
    <skipped/>
  </testcase> <!-- loginAndSendMail -->
  <testcase name="loginAndSendMailUsingExcel" time="0.001" classname="com.automation.testcases.PageObjectDemo">
    <skipped/>
  </testcase> <!-- loginAndSendMailUsingExcel -->
  <testcase name="loginAndSendMailUsingXml" time="0.001" classname="com.automation.testcases.PageObjectDemo">
    <skipped/>
  </testcase> <!-- loginAndSendMailUsingXml -->
</testsuite> <!-- Default test -->
