<?xml version="1.0" encoding="UTF-8"?>
<testng-results skipped="2" failed="1" total="3" passed="0">
  <reporter-output>
  </reporter-output>
  <suite name="Default suite" duration-ms="22" started-at="2015-12-26T15:39:23Z" finished-at="2015-12-26T15:39:23Z">
    <groups>
    </groups>
    <test name="Default test" duration-ms="22" started-at="2015-12-26T15:39:23Z" finished-at="2015-12-26T15:39:23Z">
      <class name="com.automation.testcases.PageObjectDemo">
        <test-method status="FAIL" signature="setup()[pri:0, instance:com.automation.testcases.PageObjectDemo@2c8d66b2]" name="setup" is-config="true" duration-ms="0" started-at="2015-12-26T21:09:23Z" finished-at="2015-12-26T21:09:23Z">
          <exception class="java.lang.IllegalStateException">
            <message>
              <![CDATA[The driver executable does not exist: C:\work\Automation\UIAutomation\lib\chromedriver.exe]]>
            </message>
            <full-stacktrace>
              <![CDATA[java.lang.IllegalStateException: The driver executable does not exist: C:\work\Automation\UIAutomation\lib\chromedriver.exe
	at com.google.common.base.Preconditions.checkState(Preconditions.java:197)
	at org.openqa.selenium.remote.service.DriverService.checkExecutable(DriverService.java:121)
	at org.openqa.selenium.remote.service.DriverService.findExecutable(DriverService.java:116)
	at org.openqa.selenium.chrome.ChromeDriverService.access$000(ChromeDriverService.java:32)
	at org.openqa.selenium.chrome.ChromeDriverService$Builder.findDefaultExecutable(ChromeDriverService.java:137)
	at org.openqa.selenium.remote.service.DriverService$Builder.build(DriverService.java:290)
	at org.openqa.selenium.chrome.ChromeDriverService.createDefaultService(ChromeDriverService.java:88)
	at org.openqa.selenium.chrome.ChromeDriver.<init>(ChromeDriver.java:148)
	at com.automation.framework.DriverFactory.getWebDriver(DriverFactory.java:43)
	at com.automation.framework.BaseTest.setup(BaseTest.java:30)
	at sun.reflect.NativeMethodAccessorImpl.invoke0(Native Method)
	at sun.reflect.NativeMethodAccessorImpl.invoke(NativeMethodAccessorImpl.java:62)
	at sun.reflect.DelegatingMethodAccessorImpl.invoke(DelegatingMethodAccessorImpl.java:43)
	at java.lang.reflect.Method.invoke(Method.java:497)
	at org.testng.internal.MethodInvocationHelper.invokeMethod(MethodInvocationHelper.java:84)
	at org.testng.internal.Invoker.invokeConfigurationMethod(Invoker.java:564)
	at org.testng.internal.Invoker.invokeConfigurations(Invoker.java:213)
	at org.testng.internal.Invoker.invokeConfigurations(Invoker.java:138)
	at org.testng.SuiteRunner.privateRun(SuiteRunner.java:277)
	at org.testng.SuiteRunner.run(SuiteRunner.java:240)
	at org.testng.SuiteRunnerWorker.runSuite(SuiteRunnerWorker.java:52)
	at org.testng.SuiteRunnerWorker.run(SuiteRunnerWorker.java:86)
	at org.testng.TestNG.runSuitesSequentially(TestNG.java:1224)
	at org.testng.TestNG.runSuitesLocally(TestNG.java:1149)
	at org.testng.TestNG.run(TestNG.java:1057)
	at org.testng.remote.RemoteTestNG.run(RemoteTestNG.java:111)
	at org.testng.remote.RemoteTestNG.initAndRun(RemoteTestNG.java:204)
	at org.testng.remote.RemoteTestNG.main(RemoteTestNG.java:175)
]]>
            </full-stacktrace>
          </exception> <!-- java.lang.IllegalStateException -->
          <reporter-output>
          </reporter-output>
        </test-method> <!-- setup -->
        <test-method status="SKIP" signature="init()[pri:0, instance:com.automation.testcases.PageObjectDemo@2c8d66b2]" name="init" is-config="true" duration-ms="0" started-at="2015-12-26T21:09:23Z" finished-at="2015-12-26T21:09:23Z">
          <reporter-output>
          </reporter-output>
        </test-method> <!-- init -->
        <test-method status="SKIP" signature="loginAndSendMail()[pri:0, instance:com.automation.testcases.PageObjectDemo@2c8d66b2]" name="loginAndSendMail" duration-ms="0" started-at="2015-12-26T21:09:23Z" finished-at="2015-12-26T21:09:23Z">
          <reporter-output>
          </reporter-output>
        </test-method> <!-- loginAndSendMail -->
        <test-method status="SKIP" signature="loginAndSendMailUsingExcel()[pri:0, instance:com.automation.testcases.PageObjectDemo@2c8d66b2]" name="loginAndSendMailUsingExcel" duration-ms="1" started-at="2015-12-26T21:09:23Z" finished-at="2015-12-26T21:09:23Z">
          <reporter-output>
          </reporter-output>
        </test-method> <!-- loginAndSendMailUsingExcel -->
        <test-method status="FAIL" signature="loginAndSendMailUsingXml(java.lang.String, java.lang.String)[pri:0, instance:com.automation.testcases.PageObjectDemo@2c8d66b2]" name="loginAndSendMailUsingXml" duration-ms="0" started-at="2015-12-26T21:09:23Z" finished-at="2015-12-26T21:09:23Z">
          <exception class="org.testng.TestNGException">
            <message>
              <![CDATA[
Parameter 'username' is required by @Test on method loginAndSendMailUsingXml but has not been marked @Optional or defined
in C:\Users\thave02\AppData\Local\Temp\testng-eclipse-1891187032\testng-customsuite.xml]]>
            </message>
            <full-stacktrace>
              <![CDATA[org.testng.TestNGException: 
Parameter 'username' is required by @Test on method loginAndSendMailUsingXml but has not been marked @Optional or defined
in C:\Users\thave02\AppData\Local\Temp\testng-eclipse-1891187032\testng-customsuite.xml
	at org.testng.internal.Parameters.createParameters(Parameters.java:155)
	at org.testng.internal.Parameters.createParameters(Parameters.java:358)
	at org.testng.internal.Parameters.handleParameters(Parameters.java:450)
	at org.testng.internal.Invoker.handleParameters(Invoker.java:1383)
	at org.testng.internal.Invoker.createParameters(Invoker.java:1075)
	at org.testng.internal.Invoker.invokeTestMethods(Invoker.java:1180)
	at org.testng.internal.TestMethodWorker.invokeTestMethods(TestMethodWorker.java:127)
	at org.testng.internal.TestMethodWorker.run(TestMethodWorker.java:111)
	at org.testng.TestRunner.privateRun(TestRunner.java:767)
	at org.testng.TestRunner.run(TestRunner.java:617)
	at org.testng.SuiteRunner.runTest(SuiteRunner.java:334)
	at org.testng.SuiteRunner.runSequentially(SuiteRunner.java:329)
	at org.testng.SuiteRunner.privateRun(SuiteRunner.java:291)
	at org.testng.SuiteRunner.run(SuiteRunner.java:240)
	at org.testng.SuiteRunnerWorker.runSuite(SuiteRunnerWorker.java:52)
	at org.testng.SuiteRunnerWorker.run(SuiteRunnerWorker.java:86)
	at org.testng.TestNG.runSuitesSequentially(TestNG.java:1224)
	at org.testng.TestNG.runSuitesLocally(TestNG.java:1149)
	at org.testng.TestNG.run(TestNG.java:1057)
	at org.testng.remote.RemoteTestNG.run(RemoteTestNG.java:111)
	at org.testng.remote.RemoteTestNG.initAndRun(RemoteTestNG.java:204)
	at org.testng.remote.RemoteTestNG.main(RemoteTestNG.java:175)
]]>
            </full-stacktrace>
          </exception> <!-- org.testng.TestNGException -->
          <reporter-output>
          </reporter-output>
        </test-method> <!-- loginAndSendMailUsingXml -->
        <test-method status="SKIP" signature="tearDown()[pri:0, instance:com.automation.testcases.PageObjectDemo@2c8d66b2]" name="tearDown" is-config="true" duration-ms="0" started-at="2015-12-26T21:09:23Z" finished-at="2015-12-26T21:09:23Z">
          <reporter-output>
          </reporter-output>
        </test-method> <!-- tearDown -->
      </class> <!-- com.automation.testcases.PageObjectDemo -->
    </test> <!-- Default test -->
  </suite> <!-- Default suite -->
</testng-results>
